# JRE version: Java(TM) SE Runtime Environment (8.0_77-b03) (build 1.8.0_77-b03)
# Java VM: Java HotSpot(TM) 64-Bit Server VM (25.77-b03 mixed mode linux-amd64 compressed oops)
Heap:
 PSYoungGen      total 208384K, used 28693K [0x00000000eb600000, 0x00000000fb180000, 0x0000000100000000)
  eden space 159232K, 0% used [0x00000000eb600000,0x00000000eb600000,0x00000000f5180000)
  from space 49152K, 58% used [0x00000000f5180000,0x00000000f6d85428,0x00000000f8180000)
  to   space 48640K, 0% used [0x00000000f8200000,0x00000000f8200000,0x00000000fb180000)
 ParOldGen       total 113664K, used 92744K [0x00000000c2200000, 0x00000000c9100000, 0x00000000eb600000)
  object space 113664K, 81% used [0x00000000c2200000,0x00000000c7c92258,0x00000000c9100000)
 Metaspace       used 27170K, capacity 27386K, committed 27648K, reserved 1073152K
  class space    used 4755K, capacity 4838K, committed 4864K, reserved 1048576K
GC Heap History (10 events):
Event: 9.278 GC heap after
Heap after GC invocations=11 (full 2):
 PSYoungGen      total 106496K, used 27130K [0x00000000eb600000, 0x00000000f7400000, 0x0000000100000000)
  eden space 79360K, 0% used [0x00000000eb600000,0x00000000eb600000,0x00000000f0380000)
  from space 27136K, 99% used [0x00000000f0380000,0x00000000f1dfe9e0,0x00000000f1e00000)
  to   space 38912K, 0% used [0x00000000f4e00000,0x00000000f4e00000,0x00000000f7400000)
 ParOldGen       total 68096K, used 52714K [0x00000000c2200000, 0x00000000c6480000, 0x00000000eb600000)
  object space 68096K, 77% used [0x00000000c2200000,0x00000000c557a850,0x00000000c6480000)
 Metaspace       used 26849K, capacity 27098K, committed 27392K, reserved 1071104K
  class space    used 4733K, capacity 4806K, committed 4864K, reserved 1048576K
}
Event: 10.239 GC heap before
{Heap before GC invocations=12 (full 2):
 PSYoungGen      total 106496K, used 106490K [0x00000000eb600000, 0x00000000f7400000, 0x0000000100000000)
  eden space 79360K, 100% used [0x00000000eb600000,0x00000000f0380000,0x00000000f0380000)
  from space 27136K, 99% used [0x00000000f0380000,0x00000000f1dfe9e0,0x00000000f1e00000)
  to   space 38912K, 0% used [0x00000000f4e00000,0x00000000f4e00000,0x00000000f7400000)
 ParOldGen       total 68096K, used 52714K [0x00000000c2200000, 0x00000000c6480000, 0x00000000eb600000)
  object space 68096K, 77% used [0x00000000c2200000,0x00000000c557a850,0x00000000c6480000)
 Metaspace       used 26855K, capacity 27098K, committed 27392K, reserved 1071104K
  class space    used 4733K, capacity 4806K, committed 4864K, reserved 1048576K
Event: 10.761 GC heap after
Heap after GC invocations=12 (full 2):
 PSYoungGen      total 147968K, used 38886K [0x00000000eb600000, 0x00000000f8400000, 0x0000000100000000)
  eden space 109056K, 0% used [0x00000000eb600000,0x00000000eb600000,0x00000000f2080000)
  from space 38912K, 99% used [0x00000000f4e00000,0x00000000f73f9878,0x00000000f7400000)
  to   space 46592K, 0% used [0x00000000f2080000,0x00000000f2080000,0x00000000f4e00000)
 ParOldGen       total 68096K, used 56608K [0x00000000c2200000, 0x00000000c6480000, 0x00000000eb600000)
  object space 68096K, 83% used [0x00000000c2200000,0x00000000c59483a8,0x00000000c6480000)
 Metaspace       used 26855K, capacity 27098K, committed 27392K, reserved 1071104K
  class space    used 4733K, capacity 4806K, committed 4864K, reserved 1048576K
}
Event: 10.761 GC heap before
{Heap before GC invocations=13 (full 3):
 PSYoungGen      total 147968K, used 38886K [0x00000000eb600000, 0x00000000f8400000, 0x0000000100000000)
  eden space 109056K, 0% used [0x00000000eb600000,0x00000000eb600000,0x00000000f2080000)
  from space 38912K, 99% used [0x00000000f4e00000,0x00000000f73f9878,0x00000000f7400000)
  to   space 46592K, 0% used [0x00000000f2080000,0x00000000f2080000,0x00000000f4e00000)
 ParOldGen       total 68096K, used 56608K [0x00000000c2200000, 0x00000000c6480000, 0x00000000eb600000)
  object space 68096K, 83% used [0x00000000c2200000,0x00000000c59483a8,0x00000000c6480000)
 Metaspace       used 26855K, capacity 27098K, committed 27392K, reserved 1071104K
  class space    used 4733K, capacity 4806K, committed 4864K, reserved 1048576K
Event: 11.355 GC heap after
Heap after GC invocations=13 (full 3):
 PSYoungGen      total 147968K, used 4578K [0x00000000eb600000, 0x00000000f8400000, 0x0000000100000000)
  eden space 109056K, 0% used [0x00000000eb600000,0x00000000eb600000,0x00000000f2080000)
  from space 38912K, 11% used [0x00000000f4e00000,0x00000000f5278980,0x00000000f7400000)
  to   space 46592K, 0% used [0x00000000f2080000,0x00000000f2080000,0x00000000f4e00000)
 ParOldGen       total 113664K, used 68000K [0x00000000c2200000, 0x00000000c9100000, 0x00000000eb600000)
  object space 113664K, 59% used [0x00000000c2200000,0x00000000c6468258,0x00000000c9100000)
 Metaspace       used 26855K, capacity 27098K, committed 27392K, reserved 1071104K
  class space    used 4733K, capacity 4806K, committed 4864K, reserved 1048576K
}
Event: 12.235 GC heap before
{Heap before GC invocations=14 (full 3):
 PSYoungGen      total 147968K, used 113634K [0x00000000eb600000, 0x00000000f8400000, 0x0000000100000000)
  eden space 109056K, 100% used [0x00000000eb600000,0x00000000f2080000,0x00000000f2080000)
  from space 38912K, 11% used [0x00000000f4e00000,0x00000000f5278980,0x00000000f7400000)
  to   space 46592K, 0% used [0x00000000f2080000,0x00000000f2080000,0x00000000f4e00000)
 ParOldGen       total 113664K, used 68000K [0x00000000c2200000, 0x00000000c9100000, 0x00000000eb600000)
  object space 113664K, 59% used [0x00000000c2200000,0x00000000c6468258,0x00000000c9100000)
 Metaspace       used 26860K, capacity 27098K, committed 27392K, reserved 1071104K
  class space    used 4733K, capacity 4806K, committed 4864K, reserved 1048576K
Event: 12.693 GC heap after
Heap after GC invocations=14 (full 3):
 PSYoungGen      total 155648K, used 40357K [0x00000000eb600000, 0x00000000fb500000, 0x0000000100000000)
  eden space 109056K, 0% used [0x00000000eb600000,0x00000000eb600000,0x00000000f2080000)
  from space 46592K, 86% used [0x00000000f2080000,0x00000000f47e97f8,0x00000000f4e00000)
  to   space 52224K, 0% used [0x00000000f8200000,0x00000000f8200000,0x00000000fb500000)
 ParOldGen       total 113664K, used 72608K [0x00000000c2200000, 0x00000000c9100000, 0x00000000eb600000)
  object space 113664K, 63% used [0x00000000c2200000,0x00000000c68e8258,0x00000000c9100000)
 Metaspace       used 26860K, capacity 27098K, committed 27392K, reserved 1071104K
  class space    used 4733K, capacity 4806K, committed 4864K, reserved 1048576K
}
Event: 13.051 GC heap before
{Heap before GC invocations=15 (full 3):
 PSYoungGen      total 155648K, used 149413K [0x00000000eb600000, 0x00000000fb500000, 0x0000000100000000)
  eden space 109056K, 100% used [0x00000000eb600000,0x00000000f2080000,0x00000000f2080000)
  from space 46592K, 86% used [0x00000000f2080000,0x00000000f47e97f8,0x00000000f4e00000)
  to   space 52224K, 0% used [0x00000000f8200000,0x00000000f8200000,0x00000000fb500000)
 ParOldGen       total 113664K, used 72608K [0x00000000c2200000, 0x00000000c9100000, 0x00000000eb600000)
  object space 113664K, 63% used [0x00000000c2200000,0x00000000c68e8258,0x00000000c9100000)
 Metaspace       used 26867K, capacity 27098K, committed 27392K, reserved 1071104K
  class space    used 4733K, capacity 4806K, committed 4864K, reserved 1048576K
Event: 13.404 GC heap after
Heap after GC invocations=15 (full 3):
 PSYoungGen      total 207872K, used 18976K [0x00000000eb600000, 0x00000000fb180000, 0x0000000100000000)
  eden space 159232K, 0% used [0x00000000eb600000,0x00000000eb600000,0x00000000f5180000)
  from space 48640K, 39% used [0x00000000f8200000,0x00000000f9488000,0x00000000fb180000)
  to   space 49152K, 0% used [0x00000000f5180000,0x00000000f5180000,0x00000000f8180000)
 ParOldGen       total 113664K, used 92720K [0x00000000c2200000, 0x00000000c9100000, 0x00000000eb600000)
  object space 113664K, 81% used [0x00000000c2200000,0x00000000c7c8c258,0x00000000c9100000)
 Metaspace       used 26867K, capacity 27098K, committed 27392K, reserved 1071104K
  class space    used 4733K, capacity 4806K, committed 4864K, reserved 1048576K
}
Event: 15.390 GC heap before
{Heap before GC invocations=16 (full 3):
 PSYoungGen      total 207872K, used 178208K [0x00000000eb600000, 0x00000000fb180000, 0x0000000100000000)
  eden space 159232K, 100% used [0x00000000eb600000,0x00000000f5180000,0x00000000f5180000)
  from space 48640K, 39% used [0x00000000f8200000,0x00000000f9488000,0x00000000fb180000)
  to   space 49152K, 0% used [0x00000000f5180000,0x00000000f5180000,0x00000000f8180000)
 ParOldGen       total 113664K, used 92720K [0x00000000c2200000, 0x00000000c9100000, 0x00000000eb600000)
  object space 113664K, 81% used [0x00000000c2200000,0x00000000c7c8c258,0x00000000c9100000)
 Metaspace       used 27170K, capacity 27386K, committed 27648K, reserved 1073152K
  class space    used 4755K, capacity 4838K, committed 4864K, reserved 1048576K

